This is pdfTeX, Version 3.141592653-2.6-1.40.22 (TeX Live 2022/dev/Debian) (preloaded format=pdflatex 2022.10.2)  8 FEB 2023 14:02
entering extended mode
 restricted \write18 enabled.
 %&-line parsing enabled.
**main.tex
(./main.tex
LaTeX2e <2021-11-15> patch level 1
L3 programming layer <2022-01-21>
(/usr/share/texlive/texmf-dist/tex/latex/base/article.cls
Document Class: article 2021/10/04 v1.4n Standard LaTeX document class
(/usr/share/texlive/texmf-dist/tex/latex/base/size11.clo
File: size11.clo 2021/10/04 v1.4n Standard LaTeX file (size option)
)
\c@part=\count185
\c@section=\count186
\c@subsection=\count187
\c@subsubsection=\count188
\c@paragraph=\count189
\c@subparagraph=\count190
\c@figure=\count191
\c@table=\count192
\abovecaptionskip=\skip47
\belowcaptionskip=\skip48
\bibindent=\dimen138
)
(/usr/share/texlive/texmf-dist/tex/latex/geometry/geometry.sty
Package: geometry 2020/01/02 v5.9 Page Geometry

(/usr/share/texlive/texmf-dist/tex/latex/graphics/keyval.sty
Package: keyval 2014/10/28 v1.15 key=value parser (DPC)
\KV@toks@=\toks16
)
(/usr/share/texlive/texmf-dist/tex/generic/iftex/ifvtex.sty
Package: ifvtex 2019/10/25 v1.7 ifvtex legacy package. Use iftex instead.

(/usr/share/texlive/texmf-dist/tex/generic/iftex/iftex.sty
Package: iftex 2020/03/06 v1.0d TeX engine tests
))
\Gm@cnth=\count193
\Gm@cntv=\count194
\c@Gm@tempcnt=\count195
\Gm@bindingoffset=\dimen139
\Gm@wd@mp=\dimen140
\Gm@odd@mp=\dimen141
\Gm@even@mp=\dimen142
\Gm@layoutwidth=\dimen143
\Gm@layoutheight=\dimen144
\Gm@layouthoffset=\dimen145
\Gm@layoutvoffset=\dimen146
\Gm@dimlist=\toks17
)
(/usr/share/texlive/texmf-dist/tex/latex/base/inputenc.sty
Package: inputenc 2021/02/14 v1.3d Input encoding file
\inpenc@prehook=\toks18
\inpenc@posthook=\toks19
)
(/usr/share/texlive/texmf-dist/tex/latex/amsmath/amsmath.sty
Package: amsmath 2021/10/15 v2.17l AMS math features
\@mathmargin=\skip49

For additional information on amsmath, use the `?' option.
(/usr/share/texlive/texmf-dist/tex/latex/amsmath/amstext.sty
Package: amstext 2021/08/26 v2.01 AMS text

(/usr/share/texlive/texmf-dist/tex/latex/amsmath/amsgen.sty
File: amsgen.sty 1999/11/30 v2.0 generic functions
\@emptytoks=\toks20
\ex@=\dimen147
))
(/usr/share/texlive/texmf-dist/tex/latex/amsmath/amsbsy.sty
Package: amsbsy 1999/11/29 v1.2d Bold Symbols
\pmbraise@=\dimen148
)
(/usr/share/texlive/texmf-dist/tex/latex/amsmath/amsopn.sty
Package: amsopn 2021/08/26 v2.02 operator names
)
\inf@bad=\count196
LaTeX Info: Redefining \frac on input line 234.
\uproot@=\count197
\leftroot@=\count198
LaTeX Info: Redefining \overline on input line 399.
\classnum@=\count199
\DOTSCASE@=\count266
LaTeX Info: Redefining \ldots on input line 496.
LaTeX Info: Redefining \dots on input line 499.
LaTeX Info: Redefining \cdots on input line 620.
\Mathstrutbox@=\box50
\strutbox@=\box51
\big@size=\dimen149
LaTeX Font Info:    Redeclaring font encoding OML on input line 743.
LaTeX Font Info:    Redeclaring font encoding OMS on input line 744.
\macc@depth=\count267
\c@MaxMatrixCols=\count268
\dotsspace@=\muskip16
\c@parentequation=\count269
\dspbrk@lvl=\count270
\tag@help=\toks21
\row@=\count271
\column@=\count272
\maxfields@=\count273
\andhelp@=\toks22
\eqnshift@=\dimen150
\alignsep@=\dimen151
\tagshift@=\dimen152
\tagwidth@=\dimen153
\totwidth@=\dimen154
\lineht@=\dimen155
\@envbody=\toks23
\multlinegap=\skip50
\multlinetaggap=\skip51
\mathdisplay@stack=\toks24
LaTeX Info: Redefining \[ on input line 2938.
LaTeX Info: Redefining \] on input line 2939.
)
(/usr/share/texlive/texmf-dist/tex/latex/amsfonts/amsfonts.sty
Package: amsfonts 2013/01/14 v3.01 Basic AMSFonts support
\symAMSa=\mathgroup4
\symAMSb=\mathgroup5
LaTeX Font Info:    Redeclaring math symbol \hbar on input line 98.
LaTeX Font Info:    Overwriting math alphabet `\mathfrak' in version `bold'
(Font)                  U/euf/m/n --> U/euf/b/n on input line 106.
)
(/usr/share/texlive/texmf-dist/tex/latex/amsfonts/amssymb.sty
Package: amssymb 2013/01/14 v3.01 AMS font symbols
)
(/usr/share/texlive/texmf-dist/tex/latex/base/makeidx.sty
Package: makeidx 2021/10/04 v1.0m Standard LaTeX package
)
(/usr/share/texlive/texmf-dist/tex/generic/babel/babel.sty
Package: babel 2022/01/26 3.70 The Babel package
\babel@savecnt=\count274
\U@D=\dimen156
\l@unhyphenated=\language8

(/usr/share/texlive/texmf-dist/tex/generic/babel/txtbabel.def)
\bbl@readstream=\read2
\bbl@dirlevel=\count275

(/usr/share/texlive/texmf-dist/tex/generic/babel-spanish/spanish.ldf
Language: spanish.ldf 2021/05/27 v5.0q Spanish support from the babel system
\es@quottoks=\toks25
\es@quotdepth=\count276
Package babel Info: Making " an active character on input line 570.
Package babel Info: Making . an active character on input line 675.
Package babel Info: Making < an active character on input line 722.
Package babel Info: Making > an active character on input line 722.
))
(/usr/share/texlive/texmf-dist/tex/latex/setspace/setspace.sty
Package: setspace 2011/12/19 v6.7a set line spacing
)
(/usr/share/texlive/texmf-dist/tex/latex/float/float.sty
Package: float 2001/11/08 v1.3d Float enhancements (AL)
\c@float@type=\count277
\float@exts=\toks26
\float@box=\box52
\@float@everytoks=\toks27
\@floatcapt=\box53
)
(/usr/share/texlive/texmf-dist/tex/latex/graphics/graphicx.sty
Package: graphicx 2021/09/16 v1.2d Enhanced LaTeX Graphics (DPC,SPQR)

(/usr/share/texlive/texmf-dist/tex/latex/graphics/graphics.sty
Package: graphics 2021/03/04 v1.4d Standard LaTeX Graphics (DPC,SPQR)

(/usr/share/texlive/texmf-dist/tex/latex/graphics/trig.sty
Package: trig 2021/08/11 v1.11 sin cos tan (DPC)
)
(/usr/share/texlive/texmf-dist/tex/latex/graphics-cfg/graphics.cfg
File: graphics.cfg 2016/06/04 v1.11 sample graphics configuration
)
Package graphics Info: Driver file: pdftex.def on input line 107.

(/usr/share/texlive/texmf-dist/tex/latex/graphics-def/pdftex.def
File: pdftex.def 2020/10/05 v1.2a Graphics/color driver for pdftex
))
\Gin@req@height=\dimen157
\Gin@req@width=\dimen158
)
(/usr/share/texlive/texmf-dist/tex/latex/biblatex/biblatex.sty
Package: biblatex 2022/02/02 v3.17 programmable bibliographies (PK/MW)

(/usr/share/texlive/texmf-dist/tex/generic/pdftexcmds/pdftexcmds.sty
Package: pdftexcmds 2020-06-27 v0.33 Utility functions of pdfTeX for LuaTeX (HO
)

(/usr/share/texlive/texmf-dist/tex/generic/infwarerr/infwarerr.sty
Package: infwarerr 2019/12/03 v1.5 Providing info/warning/error messages (HO)
)
(/usr/share/texlive/texmf-dist/tex/generic/ltxcmds/ltxcmds.sty
Package: ltxcmds 2020-05-10 v1.25 LaTeX kernel commands for general use (HO)
)
Package pdftexcmds Info: \pdf@primitive is available.
Package pdftexcmds Info: \pdf@ifprimitive is available.
Package pdftexcmds Info: \pdfdraftmode found.
)
(/usr/share/texlive/texmf-dist/tex/latex/etoolbox/etoolbox.sty
Package: etoolbox 2020/10/05 v2.5k e-TeX tools for LaTeX (JAW)
\etb@tempcnta=\count278
)
(/usr/share/texlive/texmf-dist/tex/latex/kvoptions/kvoptions.sty
Package: kvoptions 2020-10-07 v3.14 Key value format for package options (HO)

(/usr/share/texlive/texmf-dist/tex/generic/kvsetkeys/kvsetkeys.sty
Package: kvsetkeys 2019/12/15 v1.18 Key value parser (HO)
))
(/usr/share/texlive/texmf-dist/tex/latex/logreq/logreq.sty
Package: logreq 2010/08/04 v1.0 xml request logger
\lrq@indent=\count279

(/usr/share/texlive/texmf-dist/tex/latex/logreq/logreq.def
File: logreq.def 2010/08/04 v1.0 logreq spec v1.0
))
(/usr/share/texlive/texmf-dist/tex/latex/base/ifthen.sty
Package: ifthen 2020/11/24 v1.1c Standard LaTeX ifthen package (DPC)
)
(/usr/share/texlive/texmf-dist/tex/latex/url/url.sty
\Urlmuskip=\muskip17
Package: url 2013/09/16  ver 3.4  Verb mode for urls, etc.
)
\c@tabx@nest=\count280
\c@listtotal=\count281
\c@listcount=\count282
\c@liststart=\count283
\c@liststop=\count284
\c@citecount=\count285
\c@citetotal=\count286
\c@multicitecount=\count287
\c@multicitetotal=\count288
\c@instcount=\count289
\c@maxnames=\count290
\c@minnames=\count291
\c@maxitems=\count292
\c@minitems=\count293
\c@citecounter=\count294
\c@maxcitecounter=\count295
\c@savedcitecounter=\count296
\c@uniquelist=\count297
\c@uniquename=\count298
\c@refsection=\count299
\c@refsegment=\count300
\c@maxextratitle=\count301
\c@maxextratitleyear=\count302
\c@maxextraname=\count303
\c@maxextradate=\count304
\c@maxextraalpha=\count305
\c@abbrvpenalty=\count306
\c@highnamepenalty=\count307
\c@lownamepenalty=\count308
\c@maxparens=\count309
\c@parenlevel=\count310
\blx@tempcnta=\count311
\blx@tempcntb=\count312
\blx@tempcntc=\count313
\c@blx@maxsection=\count314
\c@blx@maxsegment@0=\count315
\blx@notetype=\count316
\blx@parenlevel@text=\count317
\blx@parenlevel@foot=\count318
\c@blx@sectionciteorder@0=\count319
\blx@entrysetcounter=\count320
\blx@biblioinstance=\count321
\labelnumberwidth=\skip52
\labelalphawidth=\skip53
\biblabelsep=\skip54
\bibitemsep=\skip55
\bibnamesep=\skip56
\bibinitsep=\skip57
\bibparsep=\skip58
\bibhang=\skip59
\blx@bcfin=\read3
\blx@bcfout=\write3
\blx@langwohyphens=\language9
\c@mincomprange=\count322
\c@maxcomprange=\count323
\c@mincompwidth=\count324
Package biblatex Info: Trying to load biblatex default data model...
Package biblatex Info: ... file 'blx-dm.def' found.

(/usr/share/texlive/texmf-dist/tex/latex/biblatex/blx-dm.def
File: blx-dm.def 2022/02/02 v3.17 biblatex localization (PK/MW)
)
Package biblatex Info: Trying to load biblatex custom data model...
Package biblatex Info: ... file 'biblatex-dm.cfg' not found.
\c@afterword=\count325
\c@savedafterword=\count326
\c@annotator=\count327
\c@savedannotator=\count328
\c@author=\count329
\c@savedauthor=\count330
\c@bookauthor=\count331
\c@savedbookauthor=\count332
\c@commentator=\count333
\c@savedcommentator=\count334
\c@editor=\count335
\c@savededitor=\count336
\c@editora=\count337
\c@savededitora=\count338
\c@editorb=\count339
\c@savededitorb=\count340
\c@editorc=\count341
\c@savededitorc=\count342
\c@foreword=\count343
\c@savedforeword=\count344
\c@holder=\count345
\c@savedholder=\count346
\c@introduction=\count347
\c@savedintroduction=\count348
\c@namea=\count349
\c@savednamea=\count350
\c@nameb=\count351
\c@savednameb=\count352
\c@namec=\count353
\c@savednamec=\count354
\c@translator=\count355
\c@savedtranslator=\count356
\c@shortauthor=\count357
\c@savedshortauthor=\count358
\c@shorteditor=\count359
\c@savedshorteditor=\count360
\c@labelname=\count361
\c@savedlabelname=\count362
\c@institution=\count363
\c@savedinstitution=\count364
\c@lista=\count365
\c@savedlista=\count366
\c@listb=\count367
\c@savedlistb=\count368
\c@listc=\count369
\c@savedlistc=\count370
\c@listd=\count371
\c@savedlistd=\count372
\c@liste=\count373
\c@savedliste=\count374
\c@listf=\count375
\c@savedlistf=\count376
\c@location=\count377
\c@savedlocation=\count378
\c@organization=\count379
\c@savedorganization=\count380
\c@origlocation=\count381
\c@savedoriglocation=\count382
\c@origpublisher=\count383
\c@savedorigpublisher=\count384
\c@publisher=\count385
\c@savedpublisher=\count386
\c@language=\count387
\c@savedlanguage=\count388
\c@origlanguage=\count389
\c@savedoriglanguage=\count390
\c@pageref=\count391
\c@savedpageref=\count392
\shorthandwidth=\skip60
\shortjournalwidth=\skip61
\shortserieswidth=\skip62
\shorttitlewidth=\skip63
\shortauthorwidth=\skip64
\shorteditorwidth=\skip65
\locallabelnumberwidth=\skip66
\locallabelalphawidth=\skip67
\localshorthandwidth=\skip68
\localshortjournalwidth=\skip69
\localshortserieswidth=\skip70
\localshorttitlewidth=\skip71
\localshortauthorwidth=\skip72
\localshorteditorwidth=\skip73
Package biblatex Info: Trying to load compatibility code...
Package biblatex Info: ... file 'blx-compat.def' found.

(/usr/share/texlive/texmf-dist/tex/latex/biblatex/blx-compat.def
File: blx-compat.def 2022/02/02 v3.17 biblatex compatibility (PK/MW)
)
Package biblatex Info: Trying to load BibTeX backend compatibility...
Package biblatex Info: ... file 'blx-bibtex.def' found.

(/usr/share/texlive/texmf-dist/tex/latex/biblatex/blx-bibtex.def
File: blx-bibtex.def 2022/02/02 v3.17 biblatex compatibility (PK/MW)


Package biblatex Warning: Using fall-back BibTeX(8) backend:
(biblatex)                functionality may be reduced/unavailable.

)
Package biblatex Info: Trying to load generic definitions...
Package biblatex Info: ... file 'biblatex.def' found.
 (/usr/share/texlive/texmf-dist/tex/latex/biblatex/biblatex.def
File: biblatex.def 2022/02/02 v3.17 biblatex compatibility (PK/MW)
\c@textcitecount=\count393
\c@textcitetotal=\count394
\c@textcitemaxnames=\count395
\c@biburlbigbreakpenalty=\count396
\c@biburlbreakpenalty=\count397
\c@biburlnumpenalty=\count398
\c@biburlucpenalty=\count399
\c@biburllcpenalty=\count400
\biburlbigskip=\muskip18
\biburlnumskip=\muskip19
\biburlucskip=\muskip20
\biburllcskip=\muskip21
\c@smartand=\count401
)
Package biblatex Info: Trying to load bibliography style 'numeric'...
Package biblatex Info: ... file 'numeric.bbx' found.

(/usr/share/texlive/texmf-dist/tex/latex/biblatex/bbx/numeric.bbx
File: numeric.bbx 2022/02/02 v3.17 biblatex bibliography style (PK/MW)
Package biblatex Info: Trying to load bibliography style 'standard'...
Package biblatex Info: ... file 'standard.bbx' found.

(/usr/share/texlive/texmf-dist/tex/latex/biblatex/bbx/standard.bbx
File: standard.bbx 2022/02/02 v3.17 biblatex bibliography style (PK/MW)
\c@bbx:relatedcount=\count402
\c@bbx:relatedtotal=\count403
))
Package biblatex Info: Trying to load citation style 'numeric'...
Package biblatex Info: ... file 'numeric.cbx' found.

(/usr/share/texlive/texmf-dist/tex/latex/biblatex/cbx/numeric.cbx
File: numeric.cbx 2022/02/02 v3.17 biblatex citation style (PK/MW)
Package biblatex Info: Redefining '\cite'.
Package biblatex Info: Redefining '\parencite'.
Package biblatex Info: Redefining '\footcite'.
Package biblatex Info: Redefining '\footcitetext'.
Package biblatex Info: Redefining '\smartcite'.
Package biblatex Info: Redefining '\supercite'.
Package biblatex Info: Redefining '\textcite'.
Package biblatex Info: Redefining '\textcites'.
Package biblatex Info: Redefining '\cites'.
Package biblatex Info: Redefining '\parencites'.
Package biblatex Info: Redefining '\smartcites'.
)
Package biblatex Info: Trying to load configuration file...
Package biblatex Info: ... file 'biblatex.cfg' found.

(/usr/share/texlive/texmf-dist/tex/latex/biblatex/biblatex.cfg
File: biblatex.cfg 
)
Package biblatex Info: Input encoding 'utf8' detected.
Package biblatex Info: Document encoding is UTF8 ....

(/usr/share/texlive/texmf-dist/tex/latex/l3kernel/expl3.sty
Package: expl3 2022-01-21 L3 programming layer (loader) 

(/usr/share/texlive/texmf-dist/tex/latex/l3backend/l3backend-pdftex.def
File: l3backend-pdftex.def 2022-01-12 L3 backend support: PDF output (pdfTeX)
\l__color_backend_stack_int=\count404
\l__pdf_internal_box=\box54
))
Package biblatex Info: ... and expl3
(biblatex)             2022-01-21 L3 programming layer (loader) 
(biblatex)             is new enough (at least 2020/04/06),
(biblatex)             setting 'casechanger=expl3'.

(/usr/share/texlive/texmf-dist/tex/latex/biblatex/blx-case-expl3.sty
(/usr/share/texlive/texmf-dist/tex/latex/l3packages/xparse/xparse.sty
Package: xparse 2022-01-12 L3 Experimental document command parser
)
Package: blx-case-expl3 2022/02/02 v3.17 expl3 case changing code for biblatex
))
(/usr/share/texlive/texmf-dist/tex/latex/tocbibind/tocbibind.sty
Package: tocbibind 2010/10/13 v1.5k extra ToC listings
Package tocbibind Info: The document has section divisions on input line 50.


Package tocbibind Note: Using section or other style headings.

) (/usr/share/texlive/texmf-dist/tex/latex/pdflscape/pdflscape.sty
Package: pdflscape 2019/12/05 v0.12 Display of landscape pages in PDF (HO)

(/usr/share/texlive/texmf-dist/tex/latex/graphics/lscape.sty
Package: lscape 2020/05/28 v3.02 Landscape Pages (DPC)
)
Package pdflscape Info: Auto-detected driver: pdftex on input line 81.
)

Package biblatex Warning: 'babel/polyglossia' detected but 'csquotes' missing.
(biblatex)                Loading 'csquotes' recommended.

\@quotelevel=\count405
\@quotereset=\count406
(./main.aux
LaTeX Info: Redefining \. on input line 12.
LaTeX Info: Redefining \% on input line 12.
)
\openout1 = `main.aux'.

LaTeX Font Info:    Checking defaults for OML/cmm/m/it on input line 78.
LaTeX Font Info:    ... okay on input line 78.
LaTeX Font Info:    Checking defaults for OMS/cmsy/m/n on input line 78.
LaTeX Font Info:    ... okay on input line 78.
LaTeX Font Info:    Checking defaults for OT1/cmr/m/n on input line 78.
LaTeX Font Info:    ... okay on input line 78.
LaTeX Font Info:    Checking defaults for T1/cmr/m/n on input line 78.
LaTeX Font Info:    ... okay on input line 78.
LaTeX Font Info:    Checking defaults for TS1/cmr/m/n on input line 78.
LaTeX Font Info:    ... okay on input line 78.
LaTeX Font Info:    Checking defaults for OMX/cmex/m/n on input line 78.
LaTeX Font Info:    ... okay on input line 78.
LaTeX Font Info:    Checking defaults for U/cmr/m/n on input line 78.
LaTeX Font Info:    ... okay on input line 78.

*geometry* driver: auto-detecting
*geometry* detected driver: pdftex
*geometry* verbose mode - [ preamble ] result:
* driver: pdftex
* paper: letterpaper
* layout: <same size as paper>
* layoutoffset:(h,v)=(0.0pt,0.0pt)
* modes: 
* h-part:(L,W,R)=(56.9055pt, 500.484pt, 56.9055pt)
* v-part:(T,H,B)=(85.35826pt, 624.25346pt, 85.35826pt)
* \paperwidth=614.295pt
* \paperheight=794.96999pt
* \textwidth=500.484pt
* \textheight=624.25346pt
* \oddsidemargin=-15.36449pt
* \evensidemargin=-15.36449pt
* \topmargin=-23.91173pt
* \headheight=12.0pt
* \headsep=25.0pt
* \topskip=11.0pt
* \footskip=30.0pt
* \marginparwidth=59.0pt
* \marginparsep=10.0pt
* \columnsep=10.0pt
* \skip\footins=10.0pt plus 4.0pt minus 2.0pt
* \hoffset=0.0pt
* \voffset=0.0pt
* \mag=1000
* \@twocolumnfalse
* \@twosidefalse
* \@mparswitchfalse
* \@reversemarginfalse
* (1in=72.27pt=25.4mm, 1cm=28.453pt)

LaTeX Info: Redefining \. on input line 78.
LaTeX Info: Redefining \% on input line 78.
(/usr/share/texlive/texmf-dist/tex/context/base/mkii/supp-pdf.mkii
[Loading MPS to PDF converter (version 2006.09.02).]
\scratchcounter=\count407
\scratchdimen=\dimen159
\scratchbox=\box55
\nofMPsegments=\count408
\nofMParguments=\count409
\everyMPshowfont=\toks28
\MPscratchCnt=\count410
\MPscratchDim=\dimen160
\MPnumerator=\count411
\makeMPintoPDFobject=\count412
\everyMPtoPDFconversion=\toks29
) (/usr/share/texlive/texmf-dist/tex/latex/epstopdf-pkg/epstopdf-base.sty
Package: epstopdf-base 2020-01-24 v2.11 Base part for package epstopdf
Package epstopdf-base Info: Redefining graphics rule for `.eps' on input line 4
85.

(/usr/share/texlive/texmf-dist/tex/latex/latexconfig/epstopdf-sys.cfg
File: epstopdf-sys.cfg 2010/07/13 v1.3 Configuration of (r)epstopdf for TeX Liv
e
))
Package biblatex Info: Trying to load language 'spanish'...
Package biblatex Info: ... file 'spanish.lbx' found.

(/usr/share/texlive/texmf-dist/tex/latex/biblatex/lbx/spanish.lbx
File: spanish.lbx 2022/02/02 v3.17 biblatex localization (PK/MW)
)
Package biblatex Info: Input encoding 'utf8' detected.
Package biblatex Info: Automatic encoding selection.
(biblatex)             Assuming data encoding 'utf8'.
Package biblatex Info: Input encoding 'utf8' detected.
Package biblatex Info: Data encoding 'utf8' specified.
(biblatex)             No need to reencode data.
\openout3 = `main-blx.bib'.

Package biblatex Info: Trying to load bibliographic data...
Package biblatex Info: ... file 'main.bbl' found.
 (./main.bbl)
Package biblatex Info: Reference section=0 on input line 78.
Package biblatex Info: Reference segment=0 on input line 78.
<LOGO_TEC.png, id=1, 377.15906pt x 78.2925pt>
File: LOGO_TEC.png Graphic file (type png)
<use LOGO_TEC.png>
Package pdftex.def Info: LOGO_TEC.png  used on input line 89.
(pdftex.def)             Requested size: 500.484pt x 103.89235pt.
[1

{/var/lib/texmf/fonts/map/pdftex/updmap/pdftex.map} <./LOGO_TEC.png>]
(./main.toc
LaTeX Info: Redefining \sptext on input line 1.
LaTeX Info: Redefining \. on input line 1.
LaTeX Info: Redefining \% on input line 1.
LaTeX Font Info:    Trying to load font information for U+msa on input line 4.
 (/usr/share/texlive/texmf-dist/tex/latex/amsfonts/umsa.fd
File: umsa.fd 2013/01/14 v3.01 AMS symbols A
)
LaTeX Font Info:    Trying to load font information for U+msb on input line 4.

(/usr/share/texlive/texmf-dist/tex/latex/amsfonts/umsb.fd
File: umsb.fd 2013/01/14 v3.01 AMS symbols B
))
\tf@toc=\write4
\openout4 = `main.toc'.

 [1]
Underfull \hbox (badness 10000) in paragraph at lines 130--134

 []

[2]
Underfull \hbox (badness 10000) in paragraph at lines 153--154

 []


Underfull \hbox (badness 10000) in paragraph at lines 169--170

 []


Underfull \hbox (badness 10000) in paragraph at lines 179--180

 []

[3]
Underfull \hbox (badness 10000) in paragraph at lines 189--190

 []


Underfull \hbox (badness 10000) in paragraph at lines 196--197

 []

LaTeX Font Info:    Trying to load font information for OMS+cmr on input line 2
01.
(/usr/share/texlive/texmf-dist/tex/latex/base/omscmr.fd
File: omscmr.fd 2019/12/16 v2.5j Standard LaTeX font definitions
)
LaTeX Font Info:    Font shape `OMS/cmr/m/n' in size <10.95> not available
(Font)              Font shape `OMS/cmsy/m/n' tried instead on input line 201.
 [4]
Underfull \hbox (badness 10000) in paragraph at lines 217--222

 []


Overfull \hbox (7.43666pt too wide) in paragraph at lines 246--246
[]\OT1/cmr/m/n/8 Secuencia| 
 []


Underfull \hbox (badness 10000) in paragraph at lines 246--246
\OT1/cmr/m/n/8 lum^^Setri-co
 []


Underfull \hbox (badness 7256) in paragraph at lines 246--246
[]\OT1/cmr/m/n/8 Lecturas de Pre-si^^Son
 []


Underfull \hbox (badness 7256) in paragraph at lines 246--246
[]\OT1/cmr/m/n/8 Lecturas de Pre-si^^Son
 []


Underfull \hbox (badness 1173) in paragraph at lines 246--246
[]\OT1/cmr/m/n/8 Gradiente de
 []


Underfull \hbox (badness 10000) in paragraph at lines 246--246
\OT1/cmr/m/n/8 Rey-nolds
 []


Overfull \hbox (1.02257pt too wide) in paragraph at lines 247--247
[]\OT1/cmr/m/n/8 L1| 
 []


Overfull \hbox (1.02257pt too wide) in paragraph at lines 247--247
[]\OT1/cmr/m/n/8 L2| 
 []


Overfull \hbox (1.02257pt too wide) in paragraph at lines 247--247
[]\OT1/cmr/m/n/8 L3| 
 []


Overfull \hbox (8.66841pt too wide) in paragraph at lines 247--247
[]\OT1/cmr/m/n/8 Media| 
 []


Overfull \hbox (1.02257pt too wide) in paragraph at lines 247--247
[]\OT1/cmr/m/n/8 L1| 
 []


Overfull \hbox (1.02257pt too wide) in paragraph at lines 247--247
[]\OT1/cmr/m/n/8 L2| 
 []


Overfull \hbox (1.02257pt too wide) in paragraph at lines 247--247
[]\OT1/cmr/m/n/8 L3| 
 []


Overfull \hbox (8.66841pt too wide) in paragraph at lines 247--247
[]\OT1/cmr/m/n/8 Media| 
 []


Overfull \hbox (1.02257pt too wide) in paragraph at lines 249--249
[]\OT1/cmr/m/n/8 L1| 
 []


Overfull \hbox (1.02257pt too wide) in paragraph at lines 249--249
[]\OT1/cmr/m/n/8 L2| 
 []


Overfull \hbox (1.02257pt too wide) in paragraph at lines 249--249
[]\OT1/cmr/m/n/8 L3| 
 []


Overfull \hbox (1.02257pt too wide) in paragraph at lines 249--249
[]\OT1/cmr/m/n/8 L1| 
 []


Overfull \hbox (1.02257pt too wide) in paragraph at lines 249--249
[]\OT1/cmr/m/n/8 L2| 
 []


Overfull \hbox (1.02257pt too wide) in paragraph at lines 249--249
[]\OT1/cmr/m/n/8 L3| 
 []


Overfull \hbox (4.69858pt too wide) in paragraph at lines 249--249
[]\OT1/cmr/m/n/8 C1| 
 []


Overfull \hbox (12.84984pt too wide) in paragraph at lines 249--249
[]$\OML/cmm/m/it/8 Media\OT1/cmr/m/n/8 (\OML/cmm/m/it/8 ^^V\OT1/cmr/m/n/8 )$| 
 []


Overfull \hbox (28.96579pt too wide) in paragraph at lines 249--250
[]$\OML/cmm/m/it/8 Desv:STD\OT1/cmr/m/n/8 (\OML/cmm/m/it/8 ^^[\OT1/cmr/m/n/8 )$
| 
 []


Overfull \hbox (1.02257pt too wide) in paragraph at lines 250--250
[]\OT1/cmr/m/n/8 L1| 
 []


Overfull \hbox (1.02257pt too wide) in paragraph at lines 250--250
[]\OT1/cmr/m/n/8 L2| 
 []


Overfull \hbox (1.02257pt too wide) in paragraph at lines 250--250
[]\OT1/cmr/m/n/8 L3| 
 []


Overfull \hbox (1.02257pt too wide) in paragraph at lines 250--250
[]\OT1/cmr/m/n/8 L1| 
 []


Overfull \hbox (1.02257pt too wide) in paragraph at lines 250--250
[]\OT1/cmr/m/n/8 L2| 
 []


Overfull \hbox (1.02257pt too wide) in paragraph at lines 250--250
[]\OT1/cmr/m/n/8 L3| 
 []


Overfull \hbox (4.69858pt too wide) in paragraph at lines 250--250
[]\OT1/cmr/m/n/8 C2| 
 []


Overfull \hbox (1.02257pt too wide) in paragraph at lines 251--251
[]\OT1/cmr/m/n/8 L1| 
 []


Overfull \hbox (1.02257pt too wide) in paragraph at lines 251--251
[]\OT1/cmr/m/n/8 L2| 
 []


Overfull \hbox (1.02257pt too wide) in paragraph at lines 251--251
[]\OT1/cmr/m/n/8 L3| 
 []


Overfull \hbox (1.02257pt too wide) in paragraph at lines 251--251
[]\OT1/cmr/m/n/8 L1| 
 []


Overfull \hbox (1.02257pt too wide) in paragraph at lines 251--251
[]\OT1/cmr/m/n/8 L2| 
 []


Overfull \hbox (1.02257pt too wide) in paragraph at lines 251--251
[]\OT1/cmr/m/n/8 L3| 
 []


Overfull \hbox (4.69858pt too wide) in paragraph at lines 251--251
[]\OT1/cmr/m/n/8 C3| 
 []


Overfull \hbox (1.02257pt too wide) in paragraph at lines 252--252
[]\OT1/cmr/m/n/8 L1| 
 []


Overfull \hbox (1.02257pt too wide) in paragraph at lines 252--252
[]\OT1/cmr/m/n/8 L2| 
 []


Overfull \hbox (1.02257pt too wide) in paragraph at lines 252--252
[]\OT1/cmr/m/n/8 L3| 
 []


Overfull \hbox (1.02257pt too wide) in paragraph at lines 252--252
[]\OT1/cmr/m/n/8 L1| 
 []


Overfull \hbox (1.02257pt too wide) in paragraph at lines 252--252
[]\OT1/cmr/m/n/8 L2| 
 []


Overfull \hbox (1.02257pt too wide) in paragraph at lines 252--252
[]\OT1/cmr/m/n/8 L3| 
 []


Overfull \hbox (4.69858pt too wide) in paragraph at lines 252--252
[]\OT1/cmr/m/n/8 C4| 
 []


Overfull \hbox (1.02257pt too wide) in paragraph at lines 253--253
[]\OT1/cmr/m/n/8 L1| 
 []


Overfull \hbox (1.02257pt too wide) in paragraph at lines 253--253
[]\OT1/cmr/m/n/8 L2| 
 []


Overfull \hbox (1.02257pt too wide) in paragraph at lines 253--253
[]\OT1/cmr/m/n/8 L3| 
 []


Overfull \hbox (1.02257pt too wide) in paragraph at lines 253--253
[]\OT1/cmr/m/n/8 L1| 
 []


Overfull \hbox (1.02257pt too wide) in paragraph at lines 253--253
[]\OT1/cmr/m/n/8 L2| 
 []


Overfull \hbox (1.02257pt too wide) in paragraph at lines 253--253
[]\OT1/cmr/m/n/8 L3| 
 []


Overfull \hbox (4.69858pt too wide) in paragraph at lines 253--253
[]\OT1/cmr/m/n/8 C5| 
 []


Overfull \hbox (1.02257pt too wide) in paragraph at lines 254--254
[]\OT1/cmr/m/n/8 L1| 
 []


Overfull \hbox (1.02257pt too wide) in paragraph at lines 254--254
[]\OT1/cmr/m/n/8 L2| 
 []


Overfull \hbox (1.02257pt too wide) in paragraph at lines 254--254
[]\OT1/cmr/m/n/8 L3| 
 []


Overfull \hbox (1.02257pt too wide) in paragraph at lines 254--254
[]\OT1/cmr/m/n/8 L1| 
 []


Overfull \hbox (1.02257pt too wide) in paragraph at lines 254--254
[]\OT1/cmr/m/n/8 L2| 
 []


Overfull \hbox (1.02257pt too wide) in paragraph at lines 254--254
[]\OT1/cmr/m/n/8 L3| 
 []


Overfull \hbox (4.69858pt too wide) in paragraph at lines 254--254
[]\OT1/cmr/m/n/8 C6| 
 []


Overfull \hbox (1.02257pt too wide) in paragraph at lines 255--255
[]\OT1/cmr/m/n/8 L1| 
 []


Overfull \hbox (1.02257pt too wide) in paragraph at lines 255--255
[]\OT1/cmr/m/n/8 L2| 
 []


Overfull \hbox (1.02257pt too wide) in paragraph at lines 255--255
[]\OT1/cmr/m/n/8 L3| 
 []


Overfull \hbox (1.02257pt too wide) in paragraph at lines 255--255
[]\OT1/cmr/m/n/8 L1| 
 []


Overfull \hbox (1.02257pt too wide) in paragraph at lines 255--255
[]\OT1/cmr/m/n/8 L2| 
 []


Overfull \hbox (1.02257pt too wide) in paragraph at lines 255--255
[]\OT1/cmr/m/n/8 L3| 
 []


Overfull \hbox (4.69858pt too wide) in paragraph at lines 255--255
[]\OT1/cmr/m/n/8 C7| 
 []


Overfull \hbox (1.02257pt too wide) in paragraph at lines 256--256
[]\OT1/cmr/m/n/8 L1| 
 []


Overfull \hbox (1.02257pt too wide) in paragraph at lines 256--256
[]\OT1/cmr/m/n/8 L2| 
 []


Overfull \hbox (1.02257pt too wide) in paragraph at lines 256--256
[]\OT1/cmr/m/n/8 L3| 
 []


Overfull \hbox (1.02257pt too wide) in paragraph at lines 256--256
[]\OT1/cmr/m/n/8 L1| 
 []


Overfull \hbox (1.02257pt too wide) in paragraph at lines 256--256
[]\OT1/cmr/m/n/8 L2| 
 []


Overfull \hbox (1.02257pt too wide) in paragraph at lines 256--256
[]\OT1/cmr/m/n/8 L3| 
 []


Overfull \hbox (4.69858pt too wide) in paragraph at lines 256--256
[]\OT1/cmr/m/n/8 C8| 
 []


Overfull \hbox (1.02257pt too wide) in paragraph at lines 257--257
[]\OT1/cmr/m/n/8 L1| 
 []


Overfull \hbox (1.02257pt too wide) in paragraph at lines 257--257
[]\OT1/cmr/m/n/8 L2| 
 []


Overfull \hbox (1.02257pt too wide) in paragraph at lines 257--257
[]\OT1/cmr/m/n/8 L3| 
 []


Overfull \hbox (1.02257pt too wide) in paragraph at lines 257--257
[]\OT1/cmr/m/n/8 L1| 
 []


Overfull \hbox (1.02257pt too wide) in paragraph at lines 257--257
[]\OT1/cmr/m/n/8 L2| 
 []


Overfull \hbox (1.02257pt too wide) in paragraph at lines 257--257
[]\OT1/cmr/m/n/8 L3| 
 []


Overfull \hbox (4.69858pt too wide) in paragraph at lines 257--257
[]\OT1/cmr/m/n/8 C9| 
 []


Overfull \hbox (1.02257pt too wide) in paragraph at lines 258--258
[]\OT1/cmr/m/n/8 L1| 
 []


Overfull \hbox (1.02257pt too wide) in paragraph at lines 258--258
[]\OT1/cmr/m/n/8 L2| 
 []


Overfull \hbox (1.02257pt too wide) in paragraph at lines 258--258
[]\OT1/cmr/m/n/8 L3| 
 []


Overfull \hbox (14.3185pt too wide) in paragraph at lines 258--258
[]\OT1/cmr/m/n/8 UNICO| 
 []


Overfull \hbox (1.02257pt too wide) in paragraph at lines 258--258
[]\OT1/cmr/m/n/8 L1| 
 []


Overfull \hbox (1.02257pt too wide) in paragraph at lines 258--258
[]\OT1/cmr/m/n/8 L2| 
 []


Overfull \hbox (1.02257pt too wide) in paragraph at lines 258--258
[]\OT1/cmr/m/n/8 L3| 
 []


Overfull \hbox (14.3185pt too wide) in paragraph at lines 258--258
[]\OT1/cmr/m/n/8 UNICO| 
 []


Overfull \hbox (8.94864pt too wide) in paragraph at lines 258--258
[]\OT1/cmr/m/n/8 C10| 
 []


Overfull \hbox (4.92903pt too wide) in paragraph at lines 258--258
[]\OT1/cmr/m/n/8 UNICO| 
 []


Overfull \hbox (4.92903pt too wide) in paragraph at lines 258--259
[]\OT1/cmr/m/n/8 UNICO| 
 []


Overfull \hbox (13.15274pt too wide) in paragraph at lines 241--260
 [] 
 []

<CD.png, id=27, 403.5075pt x 231.5049pt>
File: CD.png Graphic file (type png)
<use CD.png>
Package pdftex.def Info: CD.png  used on input line 312.
(pdftex.def)             Requested size: 500.484pt x 287.14787pt.
[5] [6 <./CD.png>] [7] [8] [9]
Overfull \hbox (7.43498pt too wide) in paragraph at lines 373--401
 [][] 
 []

[10] (./main.aux
LaTeX Info: Redefining \sptext on input line 12.
LaTeX Info: Redefining \. on input line 12.
LaTeX Info: Redefining \% on input line 12.
)
Package logreq Info: Writing requests to 'main.run.xml'.
\openout1 = `main.run.xml'.

 ) 
Here is how much of TeX's memory you used:
 12844 strings out of 480144
 233375 string characters out of 5893198
 772305 words of memory out of 5000000
 30655 multiletter control sequences out of 15000+600000
 477436 words of font info for 58 fonts, out of 8000000 for 9000
 62 hyphenation exceptions out of 8191
 60i,11n,68p,1818b,1900s stack positions out of 5000i,500n,10000p,200000b,80000s
</usr/share/texlive/texmf-dist/fonts/type1/public/amsfonts/cm/cmbx10.pfb></us
r/share/texlive/texmf-dist/fonts/type1/public/amsfonts/cm/cmbx12.pfb></usr/shar
e/texlive/texmf-dist/fonts/type1/public/amsfonts/cm/cmbx8.pfb></usr/share/texli
ve/texmf-dist/fonts/type1/public/amsfonts/cm/cmbxti10.pfb></usr/share/texlive/t
exmf-dist/fonts/type1/public/amsfonts/cm/cmmi10.pfb></usr/share/texlive/texmf-d
ist/fonts/type1/public/amsfonts/cm/cmmi8.pfb></usr/share/texlive/texmf-dist/fon
ts/type1/public/amsfonts/cm/cmr10.pfb></usr/share/texlive/texmf-dist/fonts/type
1/public/amsfonts/cm/cmr8.pfb></usr/share/texlive/texmf-dist/fonts/type1/public
/amsfonts/cm/cmsy10.pfb></usr/share/texlive/texmf-dist/fonts/type1/public/amsfo
nts/cm/cmti10.pfb></usr/share/texlive/texmf-dist/fonts/type1/public/amsfonts/cm
/cmti8.pfb>
Output written on main.pdf (11 pages, 790622 bytes).
PDF statistics:
 97 PDF objects out of 1000 (max. 8388607)
 59 compressed objects within 1 object stream
 0 named destinations out of 1000 (max. 500000)
 11 words of extra memory for PDF output out of 10000 (max. 10000000)

